This file contains any messages produced by compilers while
running configure, to aid debugging if configure makes a mistake.

It was created by resetmsmice configure 1.1.3, which was
generated by GNU Autoconf 2.69.  Invocation command line was

  $ ../configure --srcdir=.. --prefix=/home/prichard/src/resetmsmice/resetmsmice-1.1.3/_inst

## --------- ##
## Platform. ##
## --------- ##

hostname = prichard-work
uname -m = x86_64
uname -r = 3.10.0-693.21.1.el7.x86_64
uname -s = Linux
uname -v = #1 SMP Wed Mar 7 19:03:37 UTC 2018

/usr/bin/uname -p = x86_64
/bin/uname -X     = unknown

/bin/arch              = x86_64
/usr/bin/arch -k       = unknown
/usr/convex/getsysinfo = unknown
/usr/bin/hostinfo      = unknown
/bin/machine           = unknown
/usr/bin/oslevel       = unknown
/bin/universe          = unknown

PATH: /usr/lib64/qt-3.3/bin
PATH: /usr/local/bin
PATH: /usr/local/sbin
PATH: /usr/bin
PATH: /usr/sbin
PATH: /bin
PATH: /sbin
PATH: /home/prichard/.local/bin
PATH: /home/prichard/bin


## ----------- ##
## Core tests. ##
## ----------- ##

configure:2267: checking for a BSD-compatible install
configure:2335: result: /usr/bin/install -c
configure:2346: checking whether build environment is sane
configure:2401: result: yes
configure:2439: WARNING: 'missing' script is too old or missing
configure:2552: checking for a thread-safe mkdir -p
configure:2591: result: /usr/bin/mkdir -p
configure:2598: checking for gawk
configure:2614: found /usr/bin/gawk
configure:2625: result: gawk
configure:2636: checking whether make sets $(MAKE)
configure:2658: result: yes
configure:2687: checking whether make supports nested variables
configure:2704: result: yes
configure:2790: checking pkg-config m4 macros
configure:2793: result: yes
configure:2857: checking for pkg-config
configure:2875: found /usr/bin/pkg-config
configure:2887: result: /usr/bin/pkg-config
configure:2912: checking pkg-config is at least version 0.9.0
configure:2915: result: yes
configure:2925: checking for USB_DEPS
configure:2932: $PKG_CONFIG --exists --print-errors "libusb-1.0 >= 1.0"
configure:2935: $? = 0
configure:2949: $PKG_CONFIG --exists --print-errors "libusb-1.0 >= 1.0"
configure:2952: $? = 0
configure:3010: result: yes
configure:3016: checking for GTK_DEPS
configure:3023: $PKG_CONFIG --exists --print-errors "gtk+-2.0 >= 2.0"
configure:3026: $? = 0
configure:3040: $PKG_CONFIG --exists --print-errors "gtk+-2.0 >= 2.0"
configure:3043: $? = 0
configure:3101: result: yes
configure:3117: checking for style of include used by make
configure:3145: result: GNU
configure:3216: checking for gcc
configure:3232: found /usr/bin/gcc
configure:3243: result: gcc
configure:3472: checking for C compiler version
configure:3481: gcc --version >&5
gcc (GCC) 4.8.5 20150623 (Red Hat 4.8.5-16)
Copyright (C) 2015 Free Software Foundation, Inc.
This is free software; see the source for copying conditions.  There is NO
warranty; not even for MERCHANTABILITY or FITNESS FOR A PARTICULAR PURPOSE.

configure:3492: $? = 0
configure:3481: gcc -v >&5
Using built-in specs.
COLLECT_GCC=gcc
COLLECT_LTO_WRAPPER=/usr/libexec/gcc/x86_64-redhat-linux/4.8.5/lto-wrapper
Target: x86_64-redhat-linux
Configured with: ../configure --prefix=/usr --mandir=/usr/share/man --infodir=/usr/share/info --with-bugurl=http://bugzilla.redhat.com/bugzilla --enable-bootstrap --enable-shared --enable-threads=posix --enable-checking=release --with-system-zlib --enable-__cxa_atexit --disable-libunwind-exceptions --enable-gnu-unique-object --enable-linker-build-id --with-linker-hash-style=gnu --enable-languages=c,c++,objc,obj-c++,java,fortran,ada,go,lto --enable-plugin --enable-initfini-array --disable-libgcj --with-isl=/builddir/build/BUILD/gcc-4.8.5-20150702/obj-x86_64-redhat-linux/isl-install --with-cloog=/builddir/build/BUILD/gcc-4.8.5-20150702/obj-x86_64-redhat-linux/cloog-install --enable-gnu-indirect-function --with-tune=generic --with-arch_32=x86-64 --build=x86_64-redhat-linux
Thread model: posix
gcc version 4.8.5 20150623 (Red Hat 4.8.5-16) (GCC) 
configure:3492: $? = 0
configure:3481: gcc -V >&5
gcc: error: unrecognized command line option '-V'
gcc: fatal error: no input files
compilation terminated.
configure:3492: $? = 4
configure:3481: gcc -qversion >&5
gcc: error: unrecognized command line option '-qversion'
gcc: fatal error: no input files
compilation terminated.
configure:3492: $? = 4
configure:3512: checking whether the C compiler works
configure:3534: gcc    conftest.c  >&5
configure:3538: $? = 0
configure:3586: result: yes
configure:3589: checking for C compiler default output file name
configure:3591: result: a.out
configure:3597: checking for suffix of executables
configure:3604: gcc -o conftest    conftest.c  >&5
configure:3608: $? = 0
configure:3630: result: 
configure:3652: checking whether we are cross compiling
configure:3660: gcc -o conftest    conftest.c  >&5
configure:3664: $? = 0
configure:3671: ./conftest
configure:3675: $? = 0
configure:3690: result: no
configure:3695: checking for suffix of object files
configure:3717: gcc -c   conftest.c >&5
configure:3721: $? = 0
configure:3742: result: o
configure:3746: checking whether we are using the GNU C compiler
configure:3765: gcc -c   conftest.c >&5
configure:3765: $? = 0
configure:3774: result: yes
configure:3783: checking whether gcc accepts -g
configure:3803: gcc -c -g  conftest.c >&5
configure:3803: $? = 0
configure:3844: result: yes
configure:3861: checking for gcc option to accept ISO C89
configure:3924: gcc  -c -g -O2  conftest.c >&5
configure:3924: $? = 0
configure:3937: result: none needed
configure:3959: checking dependency style of gcc
configure:4070: result: gcc3
configure:4086: checking for pthread_create in -lpthread
configure:4111: gcc -o conftest -g -O2   conftest.c -lpthread   >&5
configure:4111: $? = 0
configure:4120: result: yes
configure:4176: checking for gcc
configure:4203: result: gcc
configure:4432: checking for C compiler version
configure:4441: gcc --version >&5
gcc (GCC) 4.8.5 20150623 (Red Hat 4.8.5-16)
Copyright (C) 2015 Free Software Foundation, Inc.
This is free software; see the source for copying conditions.  There is NO
warranty; not even for MERCHANTABILITY or FITNESS FOR A PARTICULAR PURPOSE.

configure:4452: $? = 0
configure:4441: gcc -v >&5
Using built-in specs.
COLLECT_GCC=gcc
COLLECT_LTO_WRAPPER=/usr/libexec/gcc/x86_64-redhat-linux/4.8.5/lto-wrapper
Target: x86_64-redhat-linux
Configured with: ../configure --prefix=/usr --mandir=/usr/share/man --infodir=/usr/share/info --with-bugurl=http://bugzilla.redhat.com/bugzilla --enable-bootstrap --enable-shared --enable-threads=posix --enable-checking=release --with-system-zlib --enable-__cxa_atexit --disable-libunwind-exceptions --enable-gnu-unique-object --enable-linker-build-id --with-linker-hash-style=gnu --enable-languages=c,c++,objc,obj-c++,java,fortran,ada,go,lto --enable-plugin --enable-initfini-array --disable-libgcj --with-isl=/builddir/build/BUILD/gcc-4.8.5-20150702/obj-x86_64-redhat-linux/isl-install --with-cloog=/builddir/build/BUILD/gcc-4.8.5-20150702/obj-x86_64-redhat-linux/cloog-install --enable-gnu-indirect-function --with-tune=generic --with-arch_32=x86-64 --build=x86_64-redhat-linux
Thread model: posix
gcc version 4.8.5 20150623 (Red Hat 4.8.5-16) (GCC) 
configure:4452: $? = 0
configure:4441: gcc -V >&5
gcc: error: unrecognized command line option '-V'
gcc: fatal error: no input files
compilation terminated.
configure:4452: $? = 4
configure:4441: gcc -qversion >&5
gcc: error: unrecognized command line option '-qversion'
gcc: fatal error: no input files
compilation terminated.
configure:4452: $? = 4
configure:4456: checking whether we are using the GNU C compiler
configure:4484: result: yes
configure:4493: checking whether gcc accepts -g
configure:4554: result: yes
configure:4571: checking for gcc option to accept ISO C89
configure:4647: result: none needed
configure:4669: checking dependency style of gcc
configure:4780: result: gcc3
configure:4853: checking for g++
configure:4869: found /usr/bin/g++
configure:4880: result: g++
configure:4907: checking for C++ compiler version
configure:4916: g++ --version >&5
g++ (GCC) 4.8.5 20150623 (Red Hat 4.8.5-16)
Copyright (C) 2015 Free Software Foundation, Inc.
This is free software; see the source for copying conditions.  There is NO
warranty; not even for MERCHANTABILITY or FITNESS FOR A PARTICULAR PURPOSE.

configure:4927: $? = 0
configure:4916: g++ -v >&5
Using built-in specs.
COLLECT_GCC=g++
COLLECT_LTO_WRAPPER=/usr/libexec/gcc/x86_64-redhat-linux/4.8.5/lto-wrapper
Target: x86_64-redhat-linux
Configured with: ../configure --prefix=/usr --mandir=/usr/share/man --infodir=/usr/share/info --with-bugurl=http://bugzilla.redhat.com/bugzilla --enable-bootstrap --enable-shared --enable-threads=posix --enable-checking=release --with-system-zlib --enable-__cxa_atexit --disable-libunwind-exceptions --enable-gnu-unique-object --enable-linker-build-id --with-linker-hash-style=gnu --enable-languages=c,c++,objc,obj-c++,java,fortran,ada,go,lto --enable-plugin --enable-initfini-array --disable-libgcj --with-isl=/builddir/build/BUILD/gcc-4.8.5-20150702/obj-x86_64-redhat-linux/isl-install --with-cloog=/builddir/build/BUILD/gcc-4.8.5-20150702/obj-x86_64-redhat-linux/cloog-install --enable-gnu-indirect-function --with-tune=generic --with-arch_32=x86-64 --build=x86_64-redhat-linux
Thread model: posix
gcc version 4.8.5 20150623 (Red Hat 4.8.5-16) (GCC) 
configure:4927: $? = 0
configure:4916: g++ -V >&5
g++: error: unrecognized command line option '-V'
g++: fatal error: no input files
compilation terminated.
configure:4927: $? = 4
configure:4916: g++ -qversion >&5
g++: error: unrecognized command line option '-qversion'
g++: fatal error: no input files
compilation terminated.
configure:4927: $? = 4
configure:4931: checking whether we are using the GNU C++ compiler
configure:4950: g++ -c   conftest.cpp >&5
configure:4950: $? = 0
configure:4959: result: yes
configure:4968: checking whether g++ accepts -g
configure:4988: g++ -c -g  conftest.cpp >&5
configure:4988: $? = 0
configure:5029: result: yes
configure:5054: checking dependency style of g++
configure:5165: result: gcc3
configure:5188: checking how to run the C preprocessor
configure:5219: gcc -E  conftest.c
configure:5219: $? = 0
configure:5233: gcc -E  conftest.c
conftest.c:11:28: fatal error: ac_nonexistent.h: No such file or directory
 #include <ac_nonexistent.h>
                            ^
compilation terminated.
configure:5233: $? = 1
configure: failed program was:
| /* confdefs.h */
| #define PACKAGE_NAME "resetmsmice"
| #define PACKAGE_TARNAME "resetmsmice"
| #define PACKAGE_VERSION "1.1.3"
| #define PACKAGE_STRING "resetmsmice 1.1.3"
| #define PACKAGE_BUGREPORT "paulrichards321@gmail.com"
| #define PACKAGE_URL ""
| #define PACKAGE "resetmsmice"
| #define VERSION "1.1.3"
| /* end confdefs.h.  */
| #include <ac_nonexistent.h>
configure:5258: result: gcc -E
configure:5278: gcc -E  conftest.c
configure:5278: $? = 0
configure:5292: gcc -E  conftest.c
conftest.c:11:28: fatal error: ac_nonexistent.h: No such file or directory
 #include <ac_nonexistent.h>
                            ^
compilation terminated.
configure:5292: $? = 1
configure: failed program was:
| /* confdefs.h */
| #define PACKAGE_NAME "resetmsmice"
| #define PACKAGE_TARNAME "resetmsmice"
| #define PACKAGE_VERSION "1.1.3"
| #define PACKAGE_STRING "resetmsmice 1.1.3"
| #define PACKAGE_BUGREPORT "paulrichards321@gmail.com"
| #define PACKAGE_URL ""
| #define PACKAGE "resetmsmice"
| #define VERSION "1.1.3"
| /* end confdefs.h.  */
| #include <ac_nonexistent.h>
configure:5321: checking for grep that handles long lines and -e
configure:5379: result: /usr/bin/grep
configure:5384: checking for egrep
configure:5446: result: /usr/bin/grep -E
configure:5451: checking for ANSI C header files
configure:5471: gcc -c -g -O2  conftest.c >&5
configure:5471: $? = 0
configure:5544: gcc -o conftest -g -O2   conftest.c  >&5
configure:5544: $? = 0
configure:5544: ./conftest
configure:5544: $? = 0
configure:5555: result: yes
configure:5568: checking for sys/types.h
configure:5568: gcc -c -g -O2  conftest.c >&5
configure:5568: $? = 0
configure:5568: result: yes
configure:5568: checking for sys/stat.h
configure:5568: gcc -c -g -O2  conftest.c >&5
configure:5568: $? = 0
configure:5568: result: yes
configure:5568: checking for stdlib.h
configure:5568: gcc -c -g -O2  conftest.c >&5
configure:5568: $? = 0
configure:5568: result: yes
configure:5568: checking for string.h
configure:5568: gcc -c -g -O2  conftest.c >&5
configure:5568: $? = 0
configure:5568: result: yes
configure:5568: checking for memory.h
configure:5568: gcc -c -g -O2  conftest.c >&5
configure:5568: $? = 0
configure:5568: result: yes
configure:5568: checking for strings.h
configure:5568: gcc -c -g -O2  conftest.c >&5
configure:5568: $? = 0
configure:5568: result: yes
configure:5568: checking for inttypes.h
configure:5568: gcc -c -g -O2  conftest.c >&5
configure:5568: $? = 0
configure:5568: result: yes
configure:5568: checking for stdint.h
configure:5568: gcc -c -g -O2  conftest.c >&5
configure:5568: $? = 0
configure:5568: result: yes
configure:5568: checking for unistd.h
configure:5568: gcc -c -g -O2  conftest.c >&5
configure:5568: $? = 0
configure:5568: result: yes
configure:5583: checking stdio.h usability
configure:5583: gcc -c -g -O2  conftest.c >&5
configure:5583: $? = 0
configure:5583: result: yes
configure:5583: checking stdio.h presence
configure:5583: gcc -E  conftest.c
configure:5583: $? = 0
configure:5583: result: yes
configure:5583: checking for stdio.h
configure:5583: result: yes
configure:5583: checking stdarg.h usability
configure:5583: gcc -c -g -O2  conftest.c >&5
configure:5583: $? = 0
configure:5583: result: yes
configure:5583: checking stdarg.h presence
configure:5583: gcc -E  conftest.c
configure:5583: $? = 0
configure:5583: result: yes
configure:5583: checking for stdarg.h
configure:5583: result: yes
configure:5583: checking for string.h
configure:5583: result: yes
configure:5583: checking for stdlib.h
configure:5583: result: yes
configure:5583: checking iconv.h usability
configure:5583: gcc -c -g -O2  conftest.c >&5
configure:5583: $? = 0
configure:5583: result: yes
configure:5583: checking iconv.h presence
configure:5583: gcc -E  conftest.c
configure:5583: $? = 0
configure:5583: result: yes
configure:5583: checking for iconv.h
configure:5583: result: yes
configure:5583: checking locale.h usability
configure:5583: gcc -c -g -O2  conftest.c >&5
configure:5583: $? = 0
configure:5583: result: yes
configure:5583: checking locale.h presence
configure:5583: gcc -E  conftest.c
configure:5583: $? = 0
configure:5583: result: yes
configure:5583: checking for locale.h
configure:5583: result: yes
configure:5583: checking for sys/types.h
configure:5583: result: yes
configure:5583: checking for sys/stat.h
configure:5583: result: yes
configure:5583: checking sys/ioctl.h usability
configure:5583: gcc -c -g -O2  conftest.c >&5
configure:5583: $? = 0
configure:5583: result: yes
configure:5583: checking sys/ioctl.h presence
configure:5583: gcc -E  conftest.c
configure:5583: $? = 0
configure:5583: result: yes
configure:5583: checking for sys/ioctl.h
configure:5583: result: yes
configure:5583: checking sys/utsname.h usability
configure:5583: gcc -c -g -O2  conftest.c >&5
configure:5583: $? = 0
configure:5583: result: yes
configure:5583: checking sys/utsname.h presence
configure:5583: gcc -E  conftest.c
configure:5583: $? = 0
configure:5583: result: yes
configure:5583: checking for sys/utsname.h
configure:5583: result: yes
configure:5583: checking syslog.h usability
configure:5583: gcc -c -g -O2  conftest.c >&5
configure:5583: $? = 0
configure:5583: result: yes
configure:5583: checking syslog.h presence
configure:5583: gcc -E  conftest.c
configure:5583: $? = 0
configure:5583: result: yes
configure:5583: checking for syslog.h
configure:5583: result: yes
configure:5583: checking fcntl.h usability
configure:5583: gcc -c -g -O2  conftest.c >&5
configure:5583: $? = 0
configure:5583: result: yes
configure:5583: checking fcntl.h presence
configure:5583: gcc -E  conftest.c
configure:5583: $? = 0
configure:5583: result: yes
configure:5583: checking for fcntl.h
configure:5583: result: yes
configure:5583: checking wchar.h usability
configure:5583: gcc -c -g -O2  conftest.c >&5
configure:5583: $? = 0
configure:5583: result: yes
configure:5583: checking wchar.h presence
configure:5583: gcc -E  conftest.c
configure:5583: $? = 0
configure:5583: result: yes
configure:5583: checking for wchar.h
configure:5583: result: yes
configure:5583: checking pthread.h usability
configure:5583: gcc -c -g -O2  conftest.c >&5
configure:5583: $? = 0
configure:5583: result: yes
configure:5583: checking pthread.h presence
configure:5583: gcc -E  conftest.c
configure:5583: $? = 0
configure:5583: result: yes
configure:5583: checking for pthread.h
configure:5583: result: yes
configure:5583: checking libusb-1.0/libusb.h usability
configure:5583: gcc -c -g -O2  conftest.c >&5
configure:5583: $? = 0
configure:5583: result: yes
configure:5583: checking libusb-1.0/libusb.h presence
configure:5583: gcc -E  conftest.c
configure:5583: $? = 0
configure:5583: result: yes
configure:5583: checking for libusb-1.0/libusb.h
configure:5583: result: yes
configure:5583: checking errno.h usability
configure:5583: gcc -c -g -O2  conftest.c >&5
configure:5583: $? = 0
configure:5583: result: yes
configure:5583: checking errno.h presence
configure:5583: gcc -E  conftest.c
configure:5583: $? = 0
configure:5583: result: yes
configure:5583: checking for errno.h
configure:5583: result: yes
configure:5583: checking for unistd.h
configure:5583: result: yes
configure:5583: checking getopt.h usability
configure:5583: gcc -c -g -O2  conftest.c >&5
configure:5583: $? = 0
configure:5583: result: yes
configure:5583: checking getopt.h presence
configure:5583: gcc -E  conftest.c
configure:5583: $? = 0
configure:5583: result: yes
configure:5583: checking for getopt.h
configure:5583: result: yes
configure:5583: checking ctype.h usability
configure:5583: gcc -c -g -O2  conftest.c >&5
configure:5583: $? = 0
configure:5583: result: yes
configure:5583: checking ctype.h presence
configure:5583: gcc -E  conftest.c
configure:5583: $? = 0
configure:5583: result: yes
configure:5583: checking for ctype.h
configure:5583: result: yes
configure:5596: checking gtk/gtk.h usability
configure:5596: gcc -c -g -O2  conftest.c >&5
conftest.c:73:21: fatal error: gtk/gtk.h: No such file or directory
 #include <gtk/gtk.h>
                     ^
compilation terminated.
configure:5596: $? = 1
configure: failed program was:
| /* confdefs.h */
| #define PACKAGE_NAME "resetmsmice"
| #define PACKAGE_TARNAME "resetmsmice"
| #define PACKAGE_VERSION "1.1.3"
| #define PACKAGE_STRING "resetmsmice 1.1.3"
| #define PACKAGE_BUGREPORT "paulrichards321@gmail.com"
| #define PACKAGE_URL ""
| #define PACKAGE "resetmsmice"
| #define VERSION "1.1.3"
| #define STDC_HEADERS 1
| #define HAVE_SYS_TYPES_H 1
| #define HAVE_SYS_STAT_H 1
| #define HAVE_STDLIB_H 1
| #define HAVE_STRING_H 1
| #define HAVE_MEMORY_H 1
| #define HAVE_STRINGS_H 1
| #define HAVE_INTTYPES_H 1
| #define HAVE_STDINT_H 1
| #define HAVE_UNISTD_H 1
| #define HAVE_STDIO_H 1
| #define HAVE_STDARG_H 1
| #define HAVE_STRING_H 1
| #define HAVE_STDLIB_H 1
| #define HAVE_ICONV_H 1
| #define HAVE_LOCALE_H 1
| #define HAVE_SYS_TYPES_H 1
| #define HAVE_SYS_STAT_H 1
| #define HAVE_SYS_IOCTL_H 1
| #define HAVE_SYS_UTSNAME_H 1
| #define HAVE_SYSLOG_H 1
| #define HAVE_FCNTL_H 1
| #define HAVE_WCHAR_H 1
| #define HAVE_PTHREAD_H 1
| #define HAVE_LIBUSB_1_0_LIBUSB_H 1
| #define HAVE_ERRNO_H 1
| #define HAVE_UNISTD_H 1
| #define HAVE_GETOPT_H 1
| #define HAVE_CTYPE_H 1
| /* end confdefs.h.  */
| #include <stdio.h>
| #ifdef HAVE_SYS_TYPES_H
| # include <sys/types.h>
| #endif
| #ifdef HAVE_SYS_STAT_H
| # include <sys/stat.h>
| #endif
| #ifdef STDC_HEADERS
| # include <stdlib.h>
| # include <stddef.h>
| #else
| # ifdef HAVE_STDLIB_H
| #  include <stdlib.h>
| # endif
| #endif
| #ifdef HAVE_STRING_H
| # if !defined STDC_HEADERS && defined HAVE_MEMORY_H
| #  include <memory.h>
| # endif
| # include <string.h>
| #endif
| #ifdef HAVE_STRINGS_H
| # include <strings.h>
| #endif
| #ifdef HAVE_INTTYPES_H
| # include <inttypes.h>
| #endif
| #ifdef HAVE_STDINT_H
| # include <stdint.h>
| #endif
| #ifdef HAVE_UNISTD_H
| # include <unistd.h>
| #endif
| #include <gtk/gtk.h>
configure:5596: result: no
configure:5596: checking gtk/gtk.h presence
configure:5596: gcc -E  conftest.c
conftest.c:40:21: fatal error: gtk/gtk.h: No such file or directory
 #include <gtk/gtk.h>
                     ^
compilation terminated.
configure:5596: $? = 1
configure: failed program was:
| /* confdefs.h */
| #define PACKAGE_NAME "resetmsmice"
| #define PACKAGE_TARNAME "resetmsmice"
| #define PACKAGE_VERSION "1.1.3"
| #define PACKAGE_STRING "resetmsmice 1.1.3"
| #define PACKAGE_BUGREPORT "paulrichards321@gmail.com"
| #define PACKAGE_URL ""
| #define PACKAGE "resetmsmice"
| #define VERSION "1.1.3"
| #define STDC_HEADERS 1
| #define HAVE_SYS_TYPES_H 1
| #define HAVE_SYS_STAT_H 1
| #define HAVE_STDLIB_H 1
| #define HAVE_STRING_H 1
| #define HAVE_MEMORY_H 1
| #define HAVE_STRINGS_H 1
| #define HAVE_INTTYPES_H 1
| #define HAVE_STDINT_H 1
| #define HAVE_UNISTD_H 1
| #define HAVE_STDIO_H 1
| #define HAVE_STDARG_H 1
| #define HAVE_STRING_H 1
| #define HAVE_STDLIB_H 1
| #define HAVE_ICONV_H 1
| #define HAVE_LOCALE_H 1
| #define HAVE_SYS_TYPES_H 1
| #define HAVE_SYS_STAT_H 1
| #define HAVE_SYS_IOCTL_H 1
| #define HAVE_SYS_UTSNAME_H 1
| #define HAVE_SYSLOG_H 1
| #define HAVE_FCNTL_H 1
| #define HAVE_WCHAR_H 1
| #define HAVE_PTHREAD_H 1
| #define HAVE_LIBUSB_1_0_LIBUSB_H 1
| #define HAVE_ERRNO_H 1
| #define HAVE_UNISTD_H 1
| #define HAVE_GETOPT_H 1
| #define HAVE_CTYPE_H 1
| /* end confdefs.h.  */
| #include <gtk/gtk.h>
configure:5596: result: no
configure:5596: checking for gtk/gtk.h
configure:5596: result: no
configure:5596: checking for sys/stat.h
configure:5596: result: yes
configure:5606: checking for stdbool.h that conforms to C99
configure:5673: gcc -c -g -O2  conftest.c >&5
configure:5673: $? = 0
configure:5680: result: yes
configure:5682: checking for _Bool
configure:5682: gcc -c -g -O2  conftest.c >&5
configure:5682: $? = 0
configure:5682: gcc -c -g -O2  conftest.c >&5
conftest.c: In function 'main':
conftest.c:77:20: error: expected expression before ')' token
 if (sizeof ((_Bool)))
                    ^
configure:5682: $? = 1
configure: failed program was:
| /* confdefs.h */
| #define PACKAGE_NAME "resetmsmice"
| #define PACKAGE_TARNAME "resetmsmice"
| #define PACKAGE_VERSION "1.1.3"
| #define PACKAGE_STRING "resetmsmice 1.1.3"
| #define PACKAGE_BUGREPORT "paulrichards321@gmail.com"
| #define PACKAGE_URL ""
| #define PACKAGE "resetmsmice"
| #define VERSION "1.1.3"
| #define STDC_HEADERS 1
| #define HAVE_SYS_TYPES_H 1
| #define HAVE_SYS_STAT_H 1
| #define HAVE_STDLIB_H 1
| #define HAVE_STRING_H 1
| #define HAVE_MEMORY_H 1
| #define HAVE_STRINGS_H 1
| #define HAVE_INTTYPES_H 1
| #define HAVE_STDINT_H 1
| #define HAVE_UNISTD_H 1
| #define HAVE_STDIO_H 1
| #define HAVE_STDARG_H 1
| #define HAVE_STRING_H 1
| #define HAVE_STDLIB_H 1
| #define HAVE_ICONV_H 1
| #define HAVE_LOCALE_H 1
| #define HAVE_SYS_TYPES_H 1
| #define HAVE_SYS_STAT_H 1
| #define HAVE_SYS_IOCTL_H 1
| #define HAVE_SYS_UTSNAME_H 1
| #define HAVE_SYSLOG_H 1
| #define HAVE_FCNTL_H 1
| #define HAVE_WCHAR_H 1
| #define HAVE_PTHREAD_H 1
| #define HAVE_LIBUSB_1_0_LIBUSB_H 1
| #define HAVE_ERRNO_H 1
| #define HAVE_UNISTD_H 1
| #define HAVE_GETOPT_H 1
| #define HAVE_CTYPE_H 1
| #define HAVE_SYS_STAT_H 1
| /* end confdefs.h.  */
| #include <stdio.h>
| #ifdef HAVE_SYS_TYPES_H
| # include <sys/types.h>
| #endif
| #ifdef HAVE_SYS_STAT_H
| # include <sys/stat.h>
| #endif
| #ifdef STDC_HEADERS
| # include <stdlib.h>
| # include <stddef.h>
| #else
| # ifdef HAVE_STDLIB_H
| #  include <stdlib.h>
| # endif
| #endif
| #ifdef HAVE_STRING_H
| # if !defined STDC_HEADERS && defined HAVE_MEMORY_H
| #  include <memory.h>
| # endif
| # include <string.h>
| #endif
| #ifdef HAVE_STRINGS_H
| # include <strings.h>
| #endif
| #ifdef HAVE_INTTYPES_H
| # include <inttypes.h>
| #endif
| #ifdef HAVE_STDINT_H
| # include <stdint.h>
| #endif
| #ifdef HAVE_UNISTD_H
| # include <unistd.h>
| #endif
| int
| main ()
| {
| if (sizeof ((_Bool)))
| 	    return 0;
|   ;
|   return 0;
| }
configure:5682: result: yes
configure:5757: checking for pkg-config
configure:5787: result: /usr/bin/pkg-config
configure:5812: checking pkg-config is at least version 0.9.0
configure:5815: result: yes
configure:5831: checking for UDEV_DEPS
configure:5838: $PKG_CONFIG --exists --print-errors "udev"
configure:5841: $? = 0
configure:5855: $PKG_CONFIG --exists --print-errors "udev"
configure:5858: $? = 0
configure:5896: result: yes
configure:6015: checking that generated files are newer than configure
configure:6021: result: done
configure:6052: creating ./config.status

## ---------------------- ##
## Running config.status. ##
## ---------------------- ##

This file was extended by resetmsmice config.status 1.1.3, which was
generated by GNU Autoconf 2.69.  Invocation command line was

  CONFIG_FILES    = 
  CONFIG_HEADERS  = 
  CONFIG_LINKS    = 
  CONFIG_COMMANDS = 
  $ ./config.status 

on prichard-work

config.status:895: creating Makefile
config.status:895: creating conf.h
config.status:1109: executing depfiles commands

## ---------------- ##
## Cache variables. ##
## ---------------- ##

ac_cv_c_compiler_gnu=yes
ac_cv_cxx_compiler_gnu=yes
ac_cv_env_CCC_set=
ac_cv_env_CCC_value=
ac_cv_env_CC_set=
ac_cv_env_CC_value=
ac_cv_env_CFLAGS_set=
ac_cv_env_CFLAGS_value=
ac_cv_env_CPPFLAGS_set=
ac_cv_env_CPPFLAGS_value=
ac_cv_env_CPP_set=
ac_cv_env_CPP_value=
ac_cv_env_CXXFLAGS_set=
ac_cv_env_CXXFLAGS_value=
ac_cv_env_CXX_set=
ac_cv_env_CXX_value=
ac_cv_env_GTK_DEPS_CFLAGS_set=
ac_cv_env_GTK_DEPS_CFLAGS_value=
ac_cv_env_GTK_DEPS_LIBS_set=
ac_cv_env_GTK_DEPS_LIBS_value=
ac_cv_env_LDFLAGS_set=
ac_cv_env_LDFLAGS_value=
ac_cv_env_LIBS_set=
ac_cv_env_LIBS_value=
ac_cv_env_PKG_CONFIG_LIBDIR_set=
ac_cv_env_PKG_CONFIG_LIBDIR_value=
ac_cv_env_PKG_CONFIG_PATH_set=
ac_cv_env_PKG_CONFIG_PATH_value=
ac_cv_env_PKG_CONFIG_set=
ac_cv_env_PKG_CONFIG_value=
ac_cv_env_UDEV_DEPS_CFLAGS_set=
ac_cv_env_UDEV_DEPS_CFLAGS_value=
ac_cv_env_UDEV_DEPS_LIBS_set=
ac_cv_env_UDEV_DEPS_LIBS_value=
ac_cv_env_USB_DEPS_CFLAGS_set=
ac_cv_env_USB_DEPS_CFLAGS_value=
ac_cv_env_USB_DEPS_LIBS_set=
ac_cv_env_USB_DEPS_LIBS_value=
ac_cv_env_build_alias_set=
ac_cv_env_build_alias_value=
ac_cv_env_host_alias_set=
ac_cv_env_host_alias_value=
ac_cv_env_target_alias_set=
ac_cv_env_target_alias_value=
ac_cv_header_ctype_h=yes
ac_cv_header_errno_h=yes
ac_cv_header_fcntl_h=yes
ac_cv_header_getopt_h=yes
ac_cv_header_gtk_gtk_h=no
ac_cv_header_iconv_h=yes
ac_cv_header_inttypes_h=yes
ac_cv_header_libusb_1_0_libusb_h=yes
ac_cv_header_locale_h=yes
ac_cv_header_memory_h=yes
ac_cv_header_pthread_h=yes
ac_cv_header_stdarg_h=yes
ac_cv_header_stdbool_h=yes
ac_cv_header_stdc=yes
ac_cv_header_stdint_h=yes
ac_cv_header_stdio_h=yes
ac_cv_header_stdlib_h=yes
ac_cv_header_string_h=yes
ac_cv_header_strings_h=yes
ac_cv_header_sys_ioctl_h=yes
ac_cv_header_sys_stat_h=yes
ac_cv_header_sys_types_h=yes
ac_cv_header_sys_utsname_h=yes
ac_cv_header_syslog_h=yes
ac_cv_header_unistd_h=yes
ac_cv_header_wchar_h=yes
ac_cv_lib_pthread_pthread_create=yes
ac_cv_objext=o
ac_cv_path_EGREP='/usr/bin/grep -E'
ac_cv_path_GREP=/usr/bin/grep
ac_cv_path_ac_pt_PKG_CONFIG=/usr/bin/pkg-config
ac_cv_path_install='/usr/bin/install -c'
ac_cv_path_mkdir=/usr/bin/mkdir
ac_cv_prog_AWK=gawk
ac_cv_prog_CPP='gcc -E'
ac_cv_prog_ac_ct_CC=gcc
ac_cv_prog_ac_ct_CXX=g++
ac_cv_prog_cc_c89=
ac_cv_prog_cc_g=yes
ac_cv_prog_cxx_g=yes
ac_cv_prog_make_make_set=yes
ac_cv_type__Bool=yes
am_cv_CC_dependencies_compiler_type=gcc3
am_cv_CXX_dependencies_compiler_type=gcc3
am_cv_make_support_nested_variables=yes
pkg_cv_GTK_DEPS_CFLAGS='-pthread -I/usr/include/gtk-2.0 -I/usr/lib64/gtk-2.0/include -I/usr/include/atk-1.0 -I/usr/include/cairo -I/usr/include/gdk-pixbuf-2.0 -I/usr/include/pango-1.0 -I/usr/include/glib-2.0 -I/usr/lib64/glib-2.0/include -I/usr/include/harfbuzz -I/usr/include/freetype2 -I/usr/include/pixman-1 -I/usr/include/libpng15 -I/usr/include/libdrm  '
pkg_cv_GTK_DEPS_LIBS='-lgtk-x11-2.0 -lgdk-x11-2.0 -latk-1.0 -lgio-2.0 -lpangoft2-1.0 -lpangocairo-1.0 -lgdk_pixbuf-2.0 -lcairo -lpango-1.0 -lfontconfig -lgobject-2.0 -lglib-2.0 -lfreetype  '
pkg_cv_UDEV_DEPS_CFLAGS=' '
pkg_cv_UDEV_DEPS_LIBS=' '
pkg_cv_USB_DEPS_CFLAGS='-I/usr/include/libusb-1.0  '
pkg_cv_USB_DEPS_LIBS='-lusb-1.0  '

## ----------------- ##
## Output variables. ##
## ----------------- ##

ACLOCAL='aclocal-1.13'
AMDEPBACKSLASH='\'
AMDEP_FALSE='#'
AMDEP_TRUE=''
AMTAR='$${TAR-tar}'
AM_BACKSLASH='\'
AM_DEFAULT_V='$(AM_DEFAULT_VERBOSITY)'
AM_DEFAULT_VERBOSITY='1'
AM_V='$(V)'
AUTOCONF='autoconf'
AUTOHEADER='autoheader'
AUTOMAKE='automake-1.13'
AWK='gawk'
CC='gcc'
CCDEPMODE='depmode=gcc3'
CFLAGS='-g -O2'
CPP='gcc -E'
CPPFLAGS=''
CXX='g++'
CXXDEPMODE='depmode=gcc3'
CXXFLAGS='-g -O2'
CYGPATH_W='echo'
DEFS='-DHAVE_CONFIG_H'
DEPDIR='.deps'
ECHO_C=''
ECHO_N='-n'
ECHO_T=''
EGREP='/usr/bin/grep -E'
EXEEXT=''
GREP='/usr/bin/grep'
GTK_DEPS_CFLAGS='-pthread -I/usr/include/gtk-2.0 -I/usr/lib64/gtk-2.0/include -I/usr/include/atk-1.0 -I/usr/include/cairo -I/usr/include/gdk-pixbuf-2.0 -I/usr/include/pango-1.0 -I/usr/include/glib-2.0 -I/usr/lib64/glib-2.0/include -I/usr/include/harfbuzz -I/usr/include/freetype2 -I/usr/include/pixman-1 -I/usr/include/libpng15 -I/usr/include/libdrm  '
GTK_DEPS_LIBS='-lgtk-x11-2.0 -lgdk-x11-2.0 -latk-1.0 -lgio-2.0 -lpangoft2-1.0 -lpangocairo-1.0 -lgdk_pixbuf-2.0 -lcairo -lpango-1.0 -lfontconfig -lgobject-2.0 -lglib-2.0 -lfreetype  '
INSTALL_DATA='${INSTALL} -m 644'
INSTALL_PROGRAM='${INSTALL}'
INSTALL_SCRIPT='${INSTALL}'
INSTALL_STRIP_PROGRAM='$(install_sh) -c -s'
LDFLAGS=''
LIBOBJS=''
LIBPTHREAD='-lpthread'
LIBRT=''
LIBS=''
LTLIBOBJS=''
MAKEINFO='makeinfo'
MKDIR_P='/usr/bin/mkdir -p'
OBJEXT='o'
PACKAGE='resetmsmice'
PACKAGE_BUGREPORT='paulrichards321@gmail.com'
PACKAGE_NAME='resetmsmice'
PACKAGE_STRING='resetmsmice 1.1.3'
PACKAGE_TARNAME='resetmsmice'
PACKAGE_URL=''
PACKAGE_VERSION='1.1.3'
PATH_SEPARATOR=':'
PKG_CONFIG='/usr/bin/pkg-config'
PKG_CONFIG_LIBDIR=''
PKG_CONFIG_PATH=''
SET_MAKE=''
SHELL='/bin/sh'
STRIP=''
UDEV_DEPS_CFLAGS=' '
UDEV_DEPS_LIBS=' '
USB_DEPS_CFLAGS='-I/usr/include/libusb-1.0  '
USB_DEPS_LIBS='-lusb-1.0  '
VERSION='1.1.3'
ac_ct_CC='gcc'
ac_ct_CXX='g++'
am__EXEEXT_FALSE=''
am__EXEEXT_TRUE='#'
am__fastdepCC_FALSE='#'
am__fastdepCC_TRUE=''
am__fastdepCXX_FALSE='#'
am__fastdepCXX_TRUE=''
am__include='include'
am__isrc=' -I$(srcdir)'
am__leading_dot='.'
am__nodep='_no'
am__quote=''
am__tar='$${TAR-tar} chof - "$$tardir"'
am__untar='$${TAR-tar} xf -'
bindir='${exec_prefix}/bin'
build_alias=''
datadir='${datarootdir}'
datarootdir='${prefix}/share'
docdir='${datarootdir}/doc/${PACKAGE_TARNAME}'
dvidir='${docdir}'
exec_prefix='${prefix}'
host_alias=''
htmldir='${docdir}'
includedir='${prefix}/include'
infodir='${datarootdir}/info'
install_sh='${SHELL} /home/prichard/src/resetmsmice/resetmsmice-1.1.3/install-sh'
libdir='${exec_prefix}/lib'
libexecdir='${exec_prefix}/libexec'
localedir='${datarootdir}/locale'
localstatedir='${prefix}/var'
mandir='${datarootdir}/man'
mkdir_p='$(MKDIR_P)'
oldincludedir='/usr/include'
pdfdir='${docdir}'
prefix='/home/prichard/src/resetmsmice/resetmsmice-1.1.3/_inst'
program_transform_name='s,x,x,'
psdir='${docdir}'
sbindir='${exec_prefix}/sbin'
sharedstatedir='${prefix}/com'
sysconfdir='${prefix}/etc'
target_alias=''
udevdir='/usr/lib/udev'

## ----------- ##
## confdefs.h. ##
## ----------- ##

/* confdefs.h */
#define PACKAGE_NAME "resetmsmice"
#define PACKAGE_TARNAME "resetmsmice"
#define PACKAGE_VERSION "1.1.3"
#define PACKAGE_STRING "resetmsmice 1.1.3"
#define PACKAGE_BUGREPORT "paulrichards321@gmail.com"
#define PACKAGE_URL ""
#define PACKAGE "resetmsmice"
#define VERSION "1.1.3"
#define STDC_HEADERS 1
#define HAVE_SYS_TYPES_H 1
#define HAVE_SYS_STAT_H 1
#define HAVE_STDLIB_H 1
#define HAVE_STRING_H 1
#define HAVE_MEMORY_H 1
#define HAVE_STRINGS_H 1
#define HAVE_INTTYPES_H 1
#define HAVE_STDINT_H 1
#define HAVE_UNISTD_H 1
#define HAVE_STDIO_H 1
#define HAVE_STDARG_H 1
#define HAVE_STRING_H 1
#define HAVE_STDLIB_H 1
#define HAVE_ICONV_H 1
#define HAVE_LOCALE_H 1
#define HAVE_SYS_TYPES_H 1
#define HAVE_SYS_STAT_H 1
#define HAVE_SYS_IOCTL_H 1
#define HAVE_SYS_UTSNAME_H 1
#define HAVE_SYSLOG_H 1
#define HAVE_FCNTL_H 1
#define HAVE_WCHAR_H 1
#define HAVE_PTHREAD_H 1
#define HAVE_LIBUSB_1_0_LIBUSB_H 1
#define HAVE_ERRNO_H 1
#define HAVE_UNISTD_H 1
#define HAVE_GETOPT_H 1
#define HAVE_CTYPE_H 1
#define HAVE_SYS_STAT_H 1
#define HAVE__BOOL 1
#define HAVE_STDBOOL_H 1

configure: exit 0
